0 info it worked if it ends with ok
1 verbose cli [ '/usr/local/bin/node',
1 verbose cli   '/usr/local/bin/npm',
1 verbose cli   'own',
1 verbose cli   'rm',
1 verbose cli   'tlaverdure' ]
2 info using npm@3.8.6
3 info using node@v6.1.0
4 verbose owner rm tlaverdure from laravel-echo-server
5 silly mapToRegistry name -/user/org.couchdb.user:tlaverdure
6 silly mapToRegistry using default registry
7 silly mapToRegistry registry https://registry.npmjs.org/
8 silly mapToRegistry data Result {
8 silly mapToRegistry   raw: '-/user/org.couchdb.user:tlaverdure',
8 silly mapToRegistry   scope: null,
8 silly mapToRegistry   name: null,
8 silly mapToRegistry   rawSpec: '-/user/org.couchdb.user:tlaverdure',
8 silly mapToRegistry   spec: '/Users/spacestudio_02/Sites/Packages/laravel-echo-server/-/user/org.couchdb.user:tlaverdure',
8 silly mapToRegistry   type: 'local' }
9 silly mapToRegistry uri https://registry.npmjs.org/-/user/org.couchdb.user:tlaverdure
10 verbose request uri https://registry.npmjs.org/-/user/org.couchdb.user:tlaverdure
11 verbose request new user, so can't send auth
12 info attempt registry request try #1 at 9:39:49 PM
13 verbose request using bearer token for auth
14 verbose request id b0df71fff6b160b5
15 http request GET https://registry.npmjs.org/-/user/org.couchdb.user:tlaverdure
16 http 200 https://registry.npmjs.org/-/user/org.couchdb.user:tlaverdure
17 verbose headers { 'content-type': 'application/json',
17 verbose headers   'content-encoding': 'gzip',
17 verbose headers   'cache-control': 'max-age=300',
17 verbose headers   'transfer-encoding': 'chunked',
17 verbose headers   'accept-ranges': 'bytes',
17 verbose headers   date: 'Sun, 15 May 2016 01:39:49 GMT',
17 verbose headers   via: '1.1 varnish',
17 verbose headers   connection: 'keep-alive',
17 verbose headers   'x-served-by': 'cache-atl6249-ATL',
17 verbose headers   'x-cache': 'MISS',
17 verbose headers   'x-cache-hits': '0',
17 verbose headers   'x-timer': 'S1463276389.461018,VS0,VE404',
17 verbose headers   vary: 'Accept-Encoding' }
18 silly get cb [ 200,
18 silly get   { 'content-type': 'application/json',
18 silly get     'content-encoding': 'gzip',
18 silly get     'cache-control': 'max-age=300',
18 silly get     'transfer-encoding': 'chunked',
18 silly get     'accept-ranges': 'bytes',
18 silly get     date: 'Sun, 15 May 2016 01:39:49 GMT',
18 silly get     via: '1.1 varnish',
18 silly get     connection: 'keep-alive',
18 silly get     'x-served-by': 'cache-atl6249-ATL',
18 silly get     'x-cache': 'MISS',
18 silly get     'x-cache-hits': '0',
18 silly get     'x-timer': 'S1463276389.461018,VS0,VE404',
18 silly get     vary: 'Accept-Encoding' } ]
19 verbose get saving tlaverdure to /Users/spacestudio_02/.npm/registry.npmjs.org/-/user/org.couchdb.user_3Atlaverdure/.cache.json
20 verbose correctMkdir /Users/spacestudio_02/.npm correctMkdir not in flight; initializing
21 silly mapToRegistry name laravel-echo-server
22 silly mapToRegistry using default registry
23 silly mapToRegistry registry https://registry.npmjs.org/
24 silly mapToRegistry data Result {
24 silly mapToRegistry   raw: 'laravel-echo-server',
24 silly mapToRegistry   scope: null,
24 silly mapToRegistry   name: 'laravel-echo-server',
24 silly mapToRegistry   rawSpec: '',
24 silly mapToRegistry   spec: 'latest',
24 silly mapToRegistry   type: 'tag' }
25 silly mapToRegistry uri https://registry.npmjs.org/laravel-echo-server
26 verbose request uri https://registry.npmjs.org/laravel-echo-server
27 verbose request no auth needed
28 info attempt registry request try #1 at 9:39:49 PM
29 verbose request using bearer token for auth
30 verbose etag "AQDWP29FBEZLGXYEQO3SRU9F4"
31 http request GET https://registry.npmjs.org/laravel-echo-server
32 http 304 https://registry.npmjs.org/laravel-echo-server
33 verbose headers { 'cache-control': 'max-age=300',
33 verbose headers   'accept-ranges': 'bytes',
33 verbose headers   date: 'Sun, 15 May 2016 01:39:50 GMT',
33 verbose headers   via: '1.1 varnish',
33 verbose headers   connection: 'keep-alive',
33 verbose headers   'x-served-by': 'cache-atl6249-ATL',
33 verbose headers   'x-cache': 'MISS',
33 verbose headers   'x-cache-hits': '0',
33 verbose headers   'x-timer': 'S1463276389.954372,VS0,VE126',
33 verbose headers   vary: 'Accept-Encoding' }
34 silly get cb [ 304,
34 silly get   { 'cache-control': 'max-age=300',
34 silly get     'accept-ranges': 'bytes',
34 silly get     date: 'Sun, 15 May 2016 01:39:50 GMT',
34 silly get     via: '1.1 varnish',
34 silly get     connection: 'keep-alive',
34 silly get     'x-served-by': 'cache-atl6249-ATL',
34 silly get     'x-cache': 'MISS',
34 silly get     'x-cache-hits': '0',
34 silly get     'x-timer': 'S1463276389.954372,VS0,VE126',
34 silly get     vary: 'Accept-Encoding' } ]
35 verbose etag https://registry.npmjs.org/laravel-echo-server from cache
36 verbose get saving laravel-echo-server to /Users/spacestudio_02/.npm/registry.npmjs.org/laravel-echo-server/.cache.json
37 verbose correctMkdir /Users/spacestudio_02/.npm correctMkdir not in flight; initializing
38 verbose stack Error: Cannot remove all owners of a package.  Add someone else first.
38 verbose stack     at /usr/local/lib/node_modules/npm/lib/owner.js:185:14
38 verbose stack     at /usr/local/lib/node_modules/npm/lib/owner.js:232:17
38 verbose stack     at saved (/usr/local/lib/node_modules/npm/lib/cache/caching-client.js:168:7)
38 verbose stack     at /usr/local/lib/node_modules/npm/node_modules/graceful-fs/polyfills.js:210:7
38 verbose stack     at FSReqWrap.oncomplete (fs.js:117:15)
39 verbose cwd /Users/spacestudio_02/Sites/Packages/laravel-echo-server
40 error Darwin 15.4.0
41 error argv "/usr/local/bin/node" "/usr/local/bin/npm" "own" "rm" "tlaverdure"
42 error node v6.1.0
43 error npm  v3.8.6
44 error Cannot remove all owners of a package.  Add someone else first.
45 error If you need help, you may report this error at:
45 error     <https://github.com/npm/npm/issues>
46 verbose exit [ 1, true ]
